<?xml version="1.0" encoding="UTF-8"?>
<!-- Generated by org.testng.reporters.JUnitXMLReporter -->
<testsuite ignored="6" hostname="DESKTOP-VSMHV7S" failures="0" tests="1" name="Default test" time="0.128" errors="0" timestamp="2022-09-01T22:48:39 IST">
  <testcase classname="com.qa.testNf.BaseTest.BaseTest" name="@BeforeTest BrowserSetup" time="-1.66205271973E9">
    <failure type="org.testng.TestNGException" message="
Parameter &amp;apos;browser&amp;apos; is required by BeforeTest on method BrowserSetup but has not been marked @Optional or defined
in C:\Users\User\AppData\Local\Temp\testng-eclipse--316964027\testng-customsuite.xml">
      <![CDATA[org.testng.TestNGException: 
Parameter 'browser' is required by BeforeTest on method BrowserSetup but has not been marked @Optional or defined
in C:\Users\User\AppData\Local\Temp\testng-eclipse--316964027\testng-customsuite.xml
at org.testng.internal.Parameters.createParams(Parameters.java:270)
at org.testng.internal.Parameters.createParametersForMethod(Parameters.java:358)
at org.testng.internal.Parameters.createParameters(Parameters.java:700)
at org.testng.internal.Parameters.createConfigurationParameters(Parameters.java:168)
at org.testng.internal.ConfigInvoker.invokeConfigurations(ConfigInvoker.java:302)
at org.testng.TestRunner.invokeTestConfigurations(TestRunner.java:637)
at org.testng.TestRunner.beforeRun(TestRunner.java:627)
at org.testng.TestRunner.run(TestRunner.java:589)
at org.testng.SuiteRunner.runTest(SuiteRunner.java:377)
at org.testng.SuiteRunner.runSequentially(SuiteRunner.java:371)
at org.testng.SuiteRunner.privateRun(SuiteRunner.java:332)
at org.testng.SuiteRunner.run(SuiteRunner.java:276)
at org.testng.SuiteRunnerWorker.runSuite(SuiteRunnerWorker.java:53)
at org.testng.SuiteRunnerWorker.run(SuiteRunnerWorker.java:96)
at org.testng.TestNG.runSuitesSequentially(TestNG.java:1212)
at org.testng.TestNG.runSuitesLocally(TestNG.java:1134)
at org.testng.TestNG.runSuites(TestNG.java:1063)
at org.testng.TestNG.run(TestNG.java:1031)
at org.testng.remote.AbstractRemoteTestNG.run(AbstractRemoteTestNG.java:115)
at org.testng.remote.RemoteTestNG.initAndRun(RemoteTestNG.java:251)
at org.testng.remote.RemoteTestNG.main(RemoteTestNG.java:77)
]]>
    </failure>
  </testcase> <!-- @BeforeTest BrowserSetup -->
  <testcase classname="com.testNF.HomePageTest" name="@BeforeClass initObject" time="-1.662052719793E9">
    <skipped/>
  </testcase> <!-- @BeforeClass initObject -->
  <testcase classname="com.qa.testNf.BaseTest.BaseTest" name="@AfterTest tearDown" time="-1.662052719841E9">
    <skipped/>
  </testcase> <!-- @AfterTest tearDown -->
  <testcase classname="com.testNF.HomePageTest" name="dispalytheTab" time="0.0">
    <skipped/>
  </testcase> <!-- dispalytheTab -->
  <testcase classname="com.qa.testNf.BaseTest.BaseTest" name="@BeforeTest BrowserSetup" time="0.0">
    <ignored/>
  </testcase> <!-- @BeforeTest BrowserSetup -->
  <testcase classname="com.qa.testNf.BaseTest.BaseTest" name="@BeforeTest BrowserSetup" time="0.0">
    <ignored/>
  </testcase> <!-- @BeforeTest BrowserSetup -->
  <testcase classname="com.qa.testNf.BaseTest.BaseTest" name="@BeforeTest BrowserSetup" time="0.0">
    <ignored/>
  </testcase> <!-- @BeforeTest BrowserSetup -->
  <testcase classname="com.qa.testNf.BaseTest.BaseTest" name="@AfterTest tearDown" time="0.0">
    <ignored/>
  </testcase> <!-- @AfterTest tearDown -->
  <testcase classname="com.qa.testNf.BaseTest.BaseTest" name="@AfterTest tearDown" time="0.0">
    <ignored/>
  </testcase> <!-- @AfterTest tearDown -->
  <testcase classname="com.qa.testNf.BaseTest.BaseTest" name="@AfterTest tearDown" time="0.0">
    <ignored/>
  </testcase> <!-- @AfterTest tearDown -->
</testsuite> <!-- Default test -->
