<?xml version="1.0" encoding="UTF-8"?>
<testng-results ignored="6" total="7" passed="0" failed="0" skipped="1">
  <reporter-output>
  </reporter-output>
  <suite started-at="2022-09-01T22:48:39 IST" name="Default suite" finished-at="2022-09-01T22:48:39 IST" duration-ms="128">
    <groups>
    </groups>
    <test started-at="2022-09-01T22:48:39 IST" name="Default test" finished-at="2022-09-01T22:48:39 IST" duration-ms="128">
      <class name="com.qa.testNf.BaseTest.BaseTest">
        <test-method is-config="true" signature="BrowserSetup(java.lang.String)[pri:0, instance:com.qa.testNf.BaseTest.BaseTest@7b2bbc3]" started-at="2022-09-01T22:48:39 IST" name="BrowserSetup" finished-at="1970-01-01T05:30:00 IST" duration-ms="-1662052719730" status="FAIL">
          <exception class="org.testng.TestNGException">
            <message>
              <![CDATA[
Parameter 'browser' is required by BeforeTest on method BrowserSetup but has not been marked @Optional or defined
in C:\Users\User\AppData\Local\Temp\testng-eclipse--316964027\testng-customsuite.xml]]>
            </message>
            <full-stacktrace>
              <![CDATA[org.testng.TestNGException: 
Parameter 'browser' is required by BeforeTest on method BrowserSetup but has not been marked @Optional or defined
in C:\Users\User\AppData\Local\Temp\testng-eclipse--316964027\testng-customsuite.xml
at org.testng.internal.Parameters.createParams(Parameters.java:270)
at org.testng.internal.Parameters.createParametersForMethod(Parameters.java:358)
at org.testng.internal.Parameters.createParameters(Parameters.java:700)
at org.testng.internal.Parameters.createConfigurationParameters(Parameters.java:168)
at org.testng.internal.ConfigInvoker.invokeConfigurations(ConfigInvoker.java:302)
at org.testng.TestRunner.invokeTestConfigurations(TestRunner.java:637)
at org.testng.TestRunner.beforeRun(TestRunner.java:627)
at org.testng.TestRunner.run(TestRunner.java:589)
at org.testng.SuiteRunner.runTest(SuiteRunner.java:377)
at org.testng.SuiteRunner.runSequentially(SuiteRunner.java:371)
at org.testng.SuiteRunner.privateRun(SuiteRunner.java:332)
at org.testng.SuiteRunner.run(SuiteRunner.java:276)
at org.testng.SuiteRunnerWorker.runSuite(SuiteRunnerWorker.java:53)
at org.testng.SuiteRunnerWorker.run(SuiteRunnerWorker.java:96)
at org.testng.TestNG.runSuitesSequentially(TestNG.java:1212)
at org.testng.TestNG.runSuitesLocally(TestNG.java:1134)
at org.testng.TestNG.runSuites(TestNG.java:1063)
at org.testng.TestNG.run(TestNG.java:1031)
at org.testng.remote.AbstractRemoteTestNG.run(AbstractRemoteTestNG.java:115)
at org.testng.remote.RemoteTestNG.initAndRun(RemoteTestNG.java:251)
at org.testng.remote.RemoteTestNG.main(RemoteTestNG.java:77)
]]>
            </full-stacktrace>
          </exception> <!-- org.testng.TestNGException -->
          <reporter-output>
          </reporter-output>
        </test-method> <!-- BrowserSetup -->
        <test-method is-config="true" signature="tearDown()[pri:0, instance:com.qa.testNf.BaseTest.BaseTest@7b2bbc3]" started-at="2022-09-01T22:48:39 IST" name="tearDown" finished-at="1970-01-01T05:30:00 IST" duration-ms="-1662052719841" status="SKIP">
          <reporter-output>
          </reporter-output>
        </test-method> <!-- tearDown -->
      </class> <!-- com.qa.testNf.BaseTest.BaseTest -->
      <class name="com.testNF.HomePageTest">
        <test-method is-config="true" signature="initObject()[pri:0, instance:com.testNF.HomePageTest@397fbdb]" started-at="2022-09-01T22:48:39 IST" name="initObject" finished-at="1970-01-01T05:30:00 IST" duration-ms="-1662052719793" status="SKIP">
          <reporter-output>
          </reporter-output>
        </test-method> <!-- initObject -->
        <test-method signature="dispalytheTab()[pri:1, instance:com.testNF.HomePageTest@397fbdb]" started-at="2022-09-01T22:48:39 IST" name="dispalytheTab" finished-at="2022-09-01T22:48:39 IST" duration-ms="0" status="SKIP">
          <exception class="org.testng.TestNGException">
            <message>
              <![CDATA[
Parameter 'browser' is required by BeforeTest on method BrowserSetup but has not been marked @Optional or defined
in C:\Users\User\AppData\Local\Temp\testng-eclipse--316964027\testng-customsuite.xml]]>
            </message>
            <full-stacktrace>
              <![CDATA[org.testng.TestNGException: 
Parameter 'browser' is required by BeforeTest on method BrowserSetup but has not been marked @Optional or defined
in C:\Users\User\AppData\Local\Temp\testng-eclipse--316964027\testng-customsuite.xml
at org.testng.internal.Parameters.createParams(Parameters.java:270)
at org.testng.internal.Parameters.createParametersForMethod(Parameters.java:358)
at org.testng.internal.Parameters.createParameters(Parameters.java:700)
at org.testng.internal.Parameters.createConfigurationParameters(Parameters.java:168)
at org.testng.internal.ConfigInvoker.invokeConfigurations(ConfigInvoker.java:302)
at org.testng.TestRunner.invokeTestConfigurations(TestRunner.java:637)
at org.testng.TestRunner.beforeRun(TestRunner.java:627)
at org.testng.TestRunner.run(TestRunner.java:589)
at org.testng.SuiteRunner.runTest(SuiteRunner.java:377)
at org.testng.SuiteRunner.runSequentially(SuiteRunner.java:371)
at org.testng.SuiteRunner.privateRun(SuiteRunner.java:332)
at org.testng.SuiteRunner.run(SuiteRunner.java:276)
at org.testng.SuiteRunnerWorker.runSuite(SuiteRunnerWorker.java:53)
at org.testng.SuiteRunnerWorker.run(SuiteRunnerWorker.java:96)
at org.testng.TestNG.runSuitesSequentially(TestNG.java:1212)
at org.testng.TestNG.runSuitesLocally(TestNG.java:1134)
at org.testng.TestNG.runSuites(TestNG.java:1063)
at org.testng.TestNG.run(TestNG.java:1031)
at org.testng.remote.AbstractRemoteTestNG.run(AbstractRemoteTestNG.java:115)
at org.testng.remote.RemoteTestNG.initAndRun(RemoteTestNG.java:251)
at org.testng.remote.RemoteTestNG.main(RemoteTestNG.java:77)
]]>
            </full-stacktrace>
          </exception> <!-- org.testng.TestNGException -->
          <reporter-output>
          </reporter-output>
        </test-method> <!-- dispalytheTab -->
      </class> <!-- com.testNF.HomePageTest -->
    </test> <!-- Default test -->
  </suite> <!-- Default suite -->
</testng-results>
